<?xml version="1.0" encoding="UTF-8"?>
<!-- Generated by org.testng.reporters.JUnitXMLReporter -->
<testsuite ignored="0" hostname="DESKTOP-I12RG3K" failures="0" tests="1" name="Default test" time="1.244" errors="0" timestamp="15 Sep 2021 06:41:20 GMT">
  <testcase classname="com.qa.testpages.TestBase" name="@BeforeClass Setup" time="0.0">
    <failure type="org.testng.TestNGException" message="
Parameter &amp;apos;OrangeHrmURL&amp;apos; is required by BeforeClass on method Setup but has not been marked @Optional or defined
in C:\Users\tharu\AppData\Local\Temp\testng-eclipse--579517876\testng-customsuite.xml">
      <![CDATA[org.testng.TestNGException: 
Parameter 'OrangeHrmURL' is required by BeforeClass on method Setup but has not been marked @Optional or defined
in C:\Users\tharu\AppData\Local\Temp\testng-eclipse--579517876\testng-customsuite.xml
at org.testng.internal.Parameters.createParams(Parameters.java:290)
at org.testng.internal.Parameters.createParametersForMethod(Parameters.java:359)
at org.testng.internal.Parameters.createParameters(Parameters.java:620)
at org.testng.internal.Parameters.createConfigurationParameters(Parameters.java:190)
at org.testng.internal.Invoker.invokeConfigurations(Invoker.java:209)
at org.testng.internal.Invoker.invokeConfigurations(Invoker.java:142)
at org.testng.internal.TestMethodWorker.invokeBeforeClassMethods(TestMethodWorker.java:168)
at org.testng.internal.TestMethodWorker.run(TestMethodWorker.java:105)
at org.testng.TestRunner.privateRun(TestRunner.java:648)
at org.testng.TestRunner.run(TestRunner.java:505)
at org.testng.SuiteRunner.runTest(SuiteRunner.java:455)
at org.testng.SuiteRunner.runSequentially(SuiteRunner.java:450)
at org.testng.SuiteRunner.privateRun(SuiteRunner.java:415)
at org.testng.SuiteRunner.run(SuiteRunner.java:364)
at org.testng.SuiteRunnerWorker.runSuite(SuiteRunnerWorker.java:52)
at org.testng.SuiteRunnerWorker.run(SuiteRunnerWorker.java:84)
at org.testng.TestNG.runSuitesSequentially(TestNG.java:1208)
at org.testng.TestNG.runSuitesLocally(TestNG.java:1137)
at org.testng.TestNG.runSuites(TestNG.java:1049)
at org.testng.TestNG.run(TestNG.java:1017)
at org.testng.remote.AbstractRemoteTestNG.run(AbstractRemoteTestNG.java:115)
at org.testng.remote.RemoteTestNG.initAndRun(RemoteTestNG.java:251)
at org.testng.remote.RemoteTestNG.main(RemoteTestNG.java:77)
]]>
    </failure>
  </testcase> <!-- @BeforeClass Setup -->
  <testcase classname="com.qa.testpages.TestBase" name="@AfterClass TearDown" time="0.0">
    <skipped/>
  </testcase> <!-- @AfterClass TearDown -->
  <testcase classname="com.qa.testcases.TC_ASSIGNLEAVE_001" name="assignleave" time="0.0">
    <skipped/>
  </testcase> <!-- assignleave -->
</testsuite> <!-- Default test -->
